<?xml version="1.0" encoding="UTF-8"?>
<testsuite xmlns:xsi="http://www.w3.org/2001/XMLSchema-instance" xsi:schemaLocation="https://maven.apache.org/surefire/maven-surefire-plugin/xsd/surefire-test-report.xsd" name="RunnerTest" time="98.889" tests="21" errors="0" skipped="0" failures="0">
  <properties>
    <property name="java.runtime.name" value="Java(TM) SE Runtime Environment"/>
    <property name="sun.boot.library.path" value="C:\Program Files\Java\jdk1.8.0_91\jre\bin"/>
    <property name="java.vm.version" value="25.91-b15"/>
    <property name="user.country.format" value="RU"/>
    <property name="java.vm.vendor" value="Oracle Corporation"/>
    <property name="maven.multiModuleProjectDirectory" value="C:\Users\Meehos\IdeaProjects\SberTechTask3"/>
    <property name="java.vendor.url" value="http://java.oracle.com/"/>
    <property name="path.separator" value=";"/>
    <property name="guice.disable.misplaced.annotation.check" value="true"/>
    <property name="java.vm.name" value="Java HotSpot(TM) 64-Bit Server VM"/>
    <property name="file.encoding.pkg" value="sun.io"/>
    <property name="user.script" value=""/>
    <property name="user.country" value="US"/>
    <property name="sun.java.launcher" value="SUN_STANDARD"/>
    <property name="sun.os.patch.level" value="Service Pack 1"/>
    <property name="java.vm.specification.name" value="Java Virtual Machine Specification"/>
    <property name="user.dir" value="C:\Users\Meehos\IdeaProjects\SberTechTask3"/>
    <property name="java.runtime.version" value="1.8.0_91-b15"/>
    <property name="java.awt.graphicsenv" value="sun.awt.Win32GraphicsEnvironment"/>
    <property name="java.endorsed.dirs" value="C:\Program Files\Java\jdk1.8.0_91\jre\lib\endorsed"/>
    <property name="os.arch" value="amd64"/>
    <property name="java.io.tmpdir" value="C:\Users\Meehos\AppData\Local\Temp\"/>
    <property name="line.separator" value="&#10;"/>
    <property name="java.vm.specification.vendor" value="Oracle Corporation"/>
    <property name="user.variant" value=""/>
    <property name="os.name" value="Windows 7"/>
    <property name="classworlds.conf" value="C:\Maven\apache-maven-3.3.9-bin\apache-maven-3.3.9\bin\m2.conf"/>
    <property name="sun.jnu.encoding" value="Cp1251"/>
    <property name="java.library.path" value="C:\Program Files\Java\jdk1.8.0_91\bin;C:\Windows\Sun\Java\bin;C:\Windows\system32;C:\Windows;C:\oraclexe\app\oracle\product\11.2.0\server\bin;;C:\ProgramData\Oracle\Java\javapath;C:\Program Files (x86)\AMD APP\bin\x86_64;C:\Program Files (x86)\AMD APP\bin\x86;C:\Program Files\Broadcom\Broadcom 802.11 Network Adapter\Driver;C:\Windows\system32;C:\Windows;C:\Windows\System32\Wbem;C:\Windows\System32\WindowsPowerShell\v1.0\;C:\Program Files (x86)\ATI Technologies\ATI.ACE\Core-Static;C:\Program Files (x86)\Skype\Phone\;C:\Program Files\Git\cmd;C:\Program Files (x86)\GtkSharp\2.12\bin;C:\Program Files (x86)\AMD\ATI.ACE\Core-Static;C:\Program Files\nodejs\;C:\Maven\apache-maven-3.3.9-bin\apache-maven-3.3.9\bin;."/>
    <property name="java.specification.name" value="Java Platform API Specification"/>
    <property name="java.class.version" value="52.0"/>
    <property name="sun.management.compiler" value="HotSpot 64-Bit Tiered Compilers"/>
    <property name="os.version" value="6.1"/>
    <property name="user.home" value="C:\Users\Meehos"/>
    <property name="user.timezone" value="GMT+03:00"/>
    <property name="java.awt.printerjob" value="sun.awt.windows.WPrinterJob"/>
    <property name="java.specification.version" value="1.8"/>
    <property name="file.encoding" value="Cp1251"/>
    <property name="user.name" value="Meehos"/>
    <property name="java.class.path" value="C:\Maven\apache-maven-3.3.9-bin\apache-maven-3.3.9\boot\plexus-classworlds-2.5.2.jar"/>
    <property name="java.vm.specification.version" value="1.8"/>
    <property name="sun.arch.data.model" value="64"/>
    <property name="java.home" value="C:\Program Files\Java\jdk1.8.0_91\jre"/>
    <property name="sun.java.command" value="org.codehaus.plexus.classworlds.launcher.Launcher test site"/>
    <property name="java.specification.vendor" value="Oracle Corporation"/>
    <property name="user.language" value="en"/>
    <property name="user.language.format" value="ru"/>
    <property name="awt.toolkit" value="sun.awt.windows.WToolkit"/>
    <property name="java.vm.info" value="mixed mode"/>
    <property name="java.version" value="1.8.0_91"/>
    <property name="java.ext.dirs" value="C:\Program Files\Java\jdk1.8.0_91\jre\lib\ext;C:\Windows\Sun\Java\lib\ext"/>
    <property name="sun.boot.class.path" value="C:\Program Files\Java\jdk1.8.0_91\jre\lib\resources.jar;C:\Program Files\Java\jdk1.8.0_91\jre\lib\rt.jar;C:\Program Files\Java\jdk1.8.0_91\jre\lib\sunrsasign.jar;C:\Program Files\Java\jdk1.8.0_91\jre\lib\jsse.jar;C:\Program Files\Java\jdk1.8.0_91\jre\lib\jce.jar;C:\Program Files\Java\jdk1.8.0_91\jre\lib\charsets.jar;C:\Program Files\Java\jdk1.8.0_91\jre\lib\jfr.jar;C:\Program Files\Java\jdk1.8.0_91\jre\classes"/>
    <property name="sun.stderr.encoding" value="cp866"/>
    <property name="java.vendor" value="Oracle Corporation"/>
    <property name="maven.home" value="C:\Maven\apache-maven-3.3.9-bin\apache-maven-3.3.9"/>
    <property name="file.separator" value="\"/>
    <property name="java.vendor.url.bug" value="http://bugreport.sun.com/bugreport/"/>
    <property name="sun.cpu.endian" value="little"/>
    <property name="sun.io.unicode.encoding" value="UnicodeLittle"/>
    <property name="sun.stdout.encoding" value="cp866"/>
    <property name="sun.desktop" value="windows"/>
    <property name="sun.cpu.isalist" value="amd64"/>
  </properties>
  <testcase name="Дано открываем сайт yandex.ru" classname="Сценарий: Поиск ноутбука" time="0.003"/>
  <testcase name="Тогда выбираем пункт меню" classname="Сценарий: Поиск ноутбука" time="0"/>
  <testcase name="Тогда в поле с ценой до вводим значение &quot;30000&quot;" classname="Сценарий: Поиск ноутбука" time="0"/>
  <testcase name="И в блоке Производитель выбираем чекбоксы" classname="Сценарий: Поиск ноутбука" time="0"/>
  <testcase name="И нажимаем кнопку &quot;Показать подходящие&quot;" classname="Сценарий: Поиск ноутбука" time="0"/>
  <testcase name="Тогда проверяем что количество товаров равно &quot;12&quot;" classname="Сценарий: Поиск ноутбука" time="0"/>
  <testcase name="И вводим название первого товара в поле поиска" classname="Сценарий: Поиск ноутбука" time="0"/>
  <testcase name="И нажимаем кнопку &quot;Найти&quot; для поиска" classname="Сценарий: Поиск ноутбука" time="0"/>
  <testcase name="Тогда в результатах поиска сравниваем названия товаров" classname="Сценарий: Поиск ноутбука" time="0"/>
  <testcase name="Сценарий: Поиск ноутбука" classname="Сценарий: Поиск ноутбука" time="1.204"/>
  <testcase name="Дано открываем сайт yandex.ru" classname="Сценарий: Поиск планшета" time="0"/>
  <testcase name="Тогда выбираем пункт меню" classname="Сценарий: Поиск планшета" time="0"/>
  <testcase name="Тогда в поле с ценой от вводим значение &quot;20000&quot;" classname="Сценарий: Поиск планшета" time="0"/>
  <testcase name="Тогда в поле с ценой до вводим значение &quot;25000&quot;" classname="Сценарий: Поиск планшета" time="0"/>
  <testcase name="И в блоке Производитель выбираем чекбоксы" classname="Сценарий: Поиск планшета" time="0"/>
  <testcase name="И нажимаем кнопку &quot;Показать подходящие&quot;" classname="Сценарий: Поиск планшета" time="0"/>
  <testcase name="Тогда проверяем что количество товаров равно &quot;12&quot;" classname="Сценарий: Поиск планшета" time="0"/>
  <testcase name="И вводим название первого товара в поле поиска" classname="Сценарий: Поиск планшета" time="0"/>
  <testcase name="И нажимаем кнопку &quot;Найти&quot; для поиска" classname="Сценарий: Поиск планшета" time="0"/>
  <testcase name="Тогда в результатах поиска сравниваем названия товаров" classname="Сценарий: Поиск планшета" time="0"/>
  <testcase name="Сценарий: Поиск планшета" classname="Сценарий: Поиск планшета" time="0.835"/>
</testsuite>